<?xml version="1.0" encoding="UTF-8"?>
<testng-results ignored="0" total="1" passed="1" failed="0" skipped="0">
  <reporter-output>
  </reporter-output>
  <suite started-at="2023-02-17T20:56:24 IST" name="Default suite" finished-at="2023-02-17T20:56:26 IST" duration-ms="1738">
    <groups>
    </groups>
    <test started-at="2023-02-17T20:56:24 IST" name="Default test" finished-at="2023-02-17T20:56:26 IST" duration-ms="1738">
      <class name="com.lao.Delete.DeleteEmployee">
        <test-method signature="deleteEmployee()[pri:0, instance:com.lao.Delete.DeleteEmployee@429bffaa]" started-at="2023-02-17T20:56:24 IST" name="deleteEmployee" finished-at="2023-02-17T20:56:26 IST" duration-ms="1684" status="PASS">
          <reporter-output>
          </reporter-output>
        </test-method> <!-- deleteEmployee -->
      </class> <!-- com.lao.Delete.DeleteEmployee -->
    </test> <!-- Default test -->
  </suite> <!-- Default suite -->
</testng-results>
